2022-09-07 15:33:42.158  INFO 9416 --- [main] com.example.demo.Demo4Application        : Starting Demo4Application using Java 18.0.2.1 on Home with PID 9416 (C:\projects\demo4\target\classes started by Илькин in C:\projects\demo4)
2022-09-07 15:33:42.163  INFO 9416 --- [main] com.example.demo.Demo4Application        : No active profile set, falling back to 1 default profile: "default"
2022-09-07 15:33:43.943  INFO 9416 --- [main] o.s.b.w.embedded.tomcat.TomcatWebServer  : Tomcat initialized with port(s): 8080 (http)
2022-09-07 15:33:43.984  INFO 9416 --- [main] o.apache.catalina.core.StandardService   : Starting service [Tomcat]
2022-09-07 15:33:43.986  INFO 9416 --- [main] org.apache.catalina.core.StandardEngine  : Starting Servlet engine: [Apache Tomcat/9.0.65]
2022-09-07 15:33:44.307  INFO 9416 --- [main] o.a.c.c.C.[Tomcat].[localhost].[/]       : Initializing Spring embedded WebApplicationContext
2022-09-07 15:33:44.308  INFO 9416 --- [main] w.s.c.ServletWebServerApplicationContext : Root WebApplicationContext: initialization completed in 2049 ms
2022-09-07 15:33:45.907  INFO 9416 --- [main] o.s.b.w.embedded.tomcat.TomcatWebServer  : Tomcat started on port(s): 8080 (http) with context path ''
2022-09-07 15:33:46.909  INFO 9416 --- [main] com.example.demo.Demo4Application        : Started Demo4Application in 5.517 seconds (JVM running for 7.284)
2022-09-07 15:34:01.102  INFO 9416 --- [AlievIlkinBot Telegram Executor] com.example.demo.setting.TelegramBot     : Replied to user Илькин
2022-09-07 15:35:04.588  INFO 9808 --- [main] com.example.demo.Demo4Application        : Starting Demo4Application using Java 18.0.2.1 on Home with PID 9808 (C:\projects\demo4\target\classes started by Илькин in C:\projects\demo4)
2022-09-07 15:35:04.593  INFO 9808 --- [main] com.example.demo.Demo4Application        : No active profile set, falling back to 1 default profile: "default"
2022-09-07 15:35:06.214  INFO 9808 --- [main] o.s.b.w.embedded.tomcat.TomcatWebServer  : Tomcat initialized with port(s): 8080 (http)
2022-09-07 15:35:06.231  INFO 9808 --- [main] o.apache.catalina.core.StandardService   : Starting service [Tomcat]
2022-09-07 15:35:06.232  INFO 9808 --- [main] org.apache.catalina.core.StandardEngine  : Starting Servlet engine: [Apache Tomcat/9.0.65]
2022-09-07 15:35:06.438  INFO 9808 --- [main] o.a.c.c.C.[Tomcat].[localhost].[/]       : Initializing Spring embedded WebApplicationContext
2022-09-07 15:35:06.439  INFO 9808 --- [main] w.s.c.ServletWebServerApplicationContext : Root WebApplicationContext: initialization completed in 1743 ms
2022-09-07 15:35:07.825  INFO 9808 --- [main] o.s.b.w.embedded.tomcat.TomcatWebServer  : Tomcat started on port(s): 8080 (http) with context path ''
2022-09-07 15:35:08.818  INFO 9808 --- [main] com.example.demo.Demo4Application        : Started Demo4Application in 4.954 seconds (JVM running for 6.911)
2022-09-07 15:35:12.038  INFO 9808 --- [AlievIlkinBot Telegram Executor] com.example.demo.setting.TelegramBot     : Replied to user Илькин
